[ 2018-07-12T15:28:14+08:00 ] 127.0.0.1 /
INFO: [ app_init ] --START--
INFO: Run Behavior\BuildLiteBehavior [ RunTime:0.000000s ]
INFO: [ app_init ] --END-- [ RunTime:0.001000s ]
INFO: [ app_begin ] --START--
INFO: Run Behavior\ReadHtmlCacheBehavior [ RunTime:0.001000s ]
INFO: [ app_begin ] --END-- [ RunTime:0.001000s ]
SQL: SHOW COLUMNS FROM `xd_site` [ RunTime:0.0060s ]
NOTIC: [2] require_once(/usr/local/xunsearch/sdk/php/lib/XS.php): failed to open stream: No such file or directory D:\phpStudy\WWW\xiakexing\Application\Api\Controller\SearchController.class.php 第 19 行.

[ 2018-07-12T16:09:05+08:00 ] 127.0.0.1 /
INFO: [ app_init ] --START--
INFO: Run Behavior\BuildLiteBehavior [ RunTime:0.000500s ]
INFO: [ app_init ] --END-- [ RunTime:0.000500s ]
INFO: [ app_begin ] --START--
INFO: Run Behavior\ReadHtmlCacheBehavior [ RunTime:0.000500s ]
INFO: [ app_begin ] --END-- [ RunTime:0.000500s ]
SQL: SHOW COLUMNS FROM `xd_site` [ RunTime:0.0050s ]
NOTIC: [2] require_once(/usr/local/xunsearch/sdk/php/lib/XS.php): failed to open stream: No such file or directory D:\phpStudy\WWW\xiakexing\Application\Api\Controller\SearchController.class.php 第 19 行.

[ 2018-07-12T18:00:56+08:00 ] 127.0.0.1 /
INFO: [ app_init ] --START--
INFO: Run Behavior\BuildLiteBehavior [ RunTime:0.000000s ]
INFO: [ app_init ] --END-- [ RunTime:0.000000s ]
INFO: [ app_begin ] --START--
INFO: Run Behavior\ReadHtmlCacheBehavior [ RunTime:0.001000s ]
INFO: [ app_begin ] --END-- [ RunTime:0.001000s ]
SQL: SHOW COLUMNS FROM `xd_site` [ RunTime:0.0050s ]
NOTIC: [2] require_once(/usr/local/xunsearch/sdk/php/lib/XS.php): failed to open stream: No such file or directory D:\phpStudy\WWW\xiakexing\Application\Api\Controller\SearchController.class.php 第 19 行.

[ 2018-07-12T19:29:02+08:00 ] 127.0.0.1 /
INFO: [ app_init ] --START--
INFO: Run Behavior\BuildLiteBehavior [ RunTime:0.000000s ]
INFO: [ app_init ] --END-- [ RunTime:0.001000s ]
INFO: [ app_begin ] --START--
INFO: Run Behavior\ReadHtmlCacheBehavior [ RunTime:0.001000s ]
INFO: [ app_begin ] --END-- [ RunTime:0.001000s ]
SQL: SHOW COLUMNS FROM `xd_site` [ RunTime:0.0050s ]
NOTIC: [2] require_once(/usr/local/xunsearch/sdk/php/lib/XS.php): failed to open stream: No such file or directory D:\phpStudy\WWW\xiakexing\Application\Api\Controller\SearchController.class.php 第 19 行.

