[ 2018-07-30T08:57:21+08:00 ] 127.0.0.1 /s/999.jsp
INFO: [ app_init ] --START--
INFO: Run Behavior\BuildLiteBehavior [ RunTime:0.000000s ]
INFO: [ app_init ] --END-- [ RunTime:0.002000s ]
INFO: [ app_begin ] --START--
INFO: Run Behavior\ReadHtmlCacheBehavior [ RunTime:0.000000s ]
INFO: [ app_begin ] --END-- [ RunTime:0.000000s ]
SQL: SHOW COLUMNS FROM `xd_site` [ RunTime:0.0060s ]
NOTIC: [2] Declaration of Api\Controller\ListssearchController::get($kw, $p) should be compatible with Think\Controller::get($name = '') D:\phpStudy\WWW\xiakexing\Application\Api\Controller\ListssearchController.class.php 第 5 行.
NOTIC: [2] require_once(/usr/local/xunsearch/sdk/php/lib/XS.php): failed to open stream: No such file or directory D:\phpStudy\WWW\xiakexing\Application\Api\Controller\SearchController.class.php 第 19 行.

[ 2018-07-30T08:57:43+08:00 ] 127.0.0.1 /s/999.jsp
INFO: [ app_init ] --START--
INFO: Run Behavior\BuildLiteBehavior [ RunTime:0.000000s ]
INFO: [ app_init ] --END-- [ RunTime:0.000000s ]
INFO: [ app_begin ] --START--
INFO: Run Behavior\ReadHtmlCacheBehavior [ RunTime:0.001000s ]
INFO: [ app_begin ] --END-- [ RunTime:0.001000s ]
SQL: SHOW COLUMNS FROM `xd_site` [ RunTime:0.0060s ]
NOTIC: [2] Declaration of Api\Controller\ListssearchController::get($kw, $p) should be compatible with Think\Controller::get($name = '') D:\phpStudy\WWW\xiakexing\Application\Api\Controller\ListssearchController.class.php 第 5 行.
NOTIC: [2] require_once(/usr/local/xunsearch/sdk/php/lib/XS.php): failed to open stream: No such file or directory D:\phpStudy\WWW\xiakexing\Application\Api\Controller\SearchController.class.php 第 19 行.

[ 2018-07-30T08:57:50+08:00 ] 127.0.0.1 /s/999.jsp
INFO: [ app_init ] --START--
INFO: Run Behavior\BuildLiteBehavior [ RunTime:0.000000s ]
INFO: [ app_init ] --END-- [ RunTime:0.001000s ]
INFO: [ app_begin ] --START--
INFO: Run Behavior\ReadHtmlCacheBehavior [ RunTime:0.001000s ]
INFO: [ app_begin ] --END-- [ RunTime:0.001000s ]
SQL: SHOW COLUMNS FROM `xd_site` [ RunTime:0.0060s ]
NOTIC: [2] Declaration of Api\Controller\ListssearchController::get($kw, $p) should be compatible with Think\Controller::get($name = '') D:\phpStudy\WWW\xiakexing\Application\Api\Controller\ListssearchController.class.php 第 5 行.
NOTIC: [2] require_once(/usr/local/xunsearch/sdk/php/lib/XS.php): failed to open stream: No such file or directory D:\phpStudy\WWW\xiakexing\Application\Api\Controller\SearchController.class.php 第 19 行.

[ 2018-07-30T08:58:32+08:00 ] 127.0.0.1 /s/999.jsp
INFO: [ app_init ] --START--
INFO: Run Behavior\BuildLiteBehavior [ RunTime:0.000000s ]
INFO: [ app_init ] --END-- [ RunTime:0.000000s ]
INFO: [ app_begin ] --START--
INFO: Run Behavior\ReadHtmlCacheBehavior [ RunTime:0.001000s ]
INFO: [ app_begin ] --END-- [ RunTime:0.001000s ]
SQL: SHOW COLUMNS FROM `xd_site` [ RunTime:0.0050s ]
NOTIC: [2] Declaration of Api\Controller\ListssearchController::get($kw, $p) should be compatible with Think\Controller::get($name = '') D:\phpStudy\WWW\xiakexing\Application\Api\Controller\ListssearchController.class.php 第 5 行.
NOTIC: [2] require_once(/usr/local/xunsearch/sdk/php/lib/XS.php): failed to open stream: No such file or directory D:\phpStudy\WWW\xiakexing\Application\Api\Controller\SearchController.class.php 第 19 行.

[ 2018-07-30T08:58:35+08:00 ] 127.0.0.1 /s/999.jsp
INFO: [ app_init ] --START--
INFO: Run Behavior\BuildLiteBehavior [ RunTime:0.000000s ]
INFO: [ app_init ] --END-- [ RunTime:0.000000s ]
INFO: [ app_begin ] --START--
INFO: Run Behavior\ReadHtmlCacheBehavior [ RunTime:0.001000s ]
INFO: [ app_begin ] --END-- [ RunTime:0.001000s ]
SQL: SHOW COLUMNS FROM `xd_site` [ RunTime:0.0050s ]
NOTIC: [2] Declaration of Api\Controller\ListssearchController::get($kw, $p) should be compatible with Think\Controller::get($name = '') D:\phpStudy\WWW\xiakexing\Application\Api\Controller\ListssearchController.class.php 第 5 行.
NOTIC: [2] require_once(/usr/local/xunsearch/sdk/php/lib/XS.php): failed to open stream: No such file or directory D:\phpStudy\WWW\xiakexing\Application\Api\Controller\SearchController.class.php 第 19 行.

[ 2018-07-30T08:58:36+08:00 ] 127.0.0.1 /s/999.jsp
INFO: [ app_init ] --START--
INFO: Run Behavior\BuildLiteBehavior [ RunTime:0.000000s ]
INFO: [ app_init ] --END-- [ RunTime:0.001000s ]
INFO: [ app_begin ] --START--
INFO: Run Behavior\ReadHtmlCacheBehavior [ RunTime:0.000000s ]
INFO: [ app_begin ] --END-- [ RunTime:0.000000s ]
SQL: SHOW COLUMNS FROM `xd_site` [ RunTime:0.0050s ]
NOTIC: [2] Declaration of Api\Controller\ListssearchController::get($kw, $p) should be compatible with Think\Controller::get($name = '') D:\phpStudy\WWW\xiakexing\Application\Api\Controller\ListssearchController.class.php 第 5 行.
NOTIC: [2] require_once(/usr/local/xunsearch/sdk/php/lib/XS.php): failed to open stream: No such file or directory D:\phpStudy\WWW\xiakexing\Application\Api\Controller\SearchController.class.php 第 19 行.

[ 2018-07-30T09:06:50+08:00 ] 127.0.0.1 /search/999.jsp
INFO: [ app_init ] --START--
INFO: Run Behavior\BuildLiteBehavior [ RunTime:0.000000s ]
INFO: [ app_init ] --END-- [ RunTime:0.000000s ]
INFO: [ app_begin ] --START--
INFO: Run Behavior\ReadHtmlCacheBehavior [ RunTime:0.001000s ]
INFO: [ app_begin ] --END-- [ RunTime:0.001000s ]
SQL: SHOW COLUMNS FROM `xd_site` [ RunTime:0.0050s ]
NOTIC: [2] Declaration of Api\Controller\ListssearchController::get($kw, $p) should be compatible with Think\Controller::get($name = '') D:\phpStudy\WWW\xiakexing\Application\Api\Controller\ListssearchController.class.php 第 5 行.
NOTIC: [2] require_once(/usr/local/xunsearch/sdk/php/lib/XS.php): failed to open stream: No such file or directory D:\phpStudy\WWW\xiakexing\Application\Api\Controller\SearchController.class.php 第 19 行.

