[ 2018-06-27T09:34:25+08:00 ] 127.0.0.1 /download/MTgxMw==
INFO: [ app_init ] --START--
INFO: Run Behavior\BuildLiteBehavior [ RunTime:0.000000s ]
INFO: [ app_init ] --END-- [ RunTime:0.001500s ]
ERR: 无法加载模块:Download
NOTIC: [2] include(/Application/Search/View/Common/error.html): failed to open stream: No such file or directory D:\phpStudy\WWW\xiakexing\ThinkPHP\Library\Think\Think.class.php 第 314 行.
NOTIC: [2] include(): Failed opening '/Application/Search/View/Common/error.html' for inclusion (include_path='.;C:\php\pear') D:\phpStudy\WWW\xiakexing\ThinkPHP\Library\Think\Think.class.php 第 314 行.

[ 2018-06-27T09:34:26+08:00 ] 127.0.0.1 /download/MTgxMw==
INFO: [ app_init ] --START--
INFO: Run Behavior\BuildLiteBehavior [ RunTime:0.000000s ]
INFO: [ app_init ] --END-- [ RunTime:0.000500s ]
ERR: 无法加载模块:Download
NOTIC: [2] include(/Application/Search/View/Common/error.html): failed to open stream: No such file or directory D:\phpStudy\WWW\xiakexing\ThinkPHP\Library\Think\Think.class.php 第 314 行.
NOTIC: [2] include(): Failed opening '/Application/Search/View/Common/error.html' for inclusion (include_path='.;C:\php\pear') D:\phpStudy\WWW\xiakexing\ThinkPHP\Library\Think\Think.class.php 第 314 行.

[ 2018-06-27T09:34:26+08:00 ] 127.0.0.1 /download/MTgxMw==
INFO: [ app_init ] --START--
INFO: Run Behavior\BuildLiteBehavior [ RunTime:0.000000s ]
INFO: [ app_init ] --END-- [ RunTime:0.000500s ]
ERR: 无法加载模块:Download
NOTIC: [2] include(/Application/Search/View/Common/error.html): failed to open stream: No such file or directory D:\phpStudy\WWW\xiakexing\ThinkPHP\Library\Think\Think.class.php 第 314 行.
NOTIC: [2] include(): Failed opening '/Application/Search/View/Common/error.html' for inclusion (include_path='.;C:\php\pear') D:\phpStudy\WWW\xiakexing\ThinkPHP\Library\Think\Think.class.php 第 314 行.

[ 2018-06-27T09:34:26+08:00 ] 127.0.0.1 /download/MTgxMw==
INFO: [ app_init ] --START--
INFO: Run Behavior\BuildLiteBehavior [ RunTime:0.000000s ]
INFO: [ app_init ] --END-- [ RunTime:0.000500s ]
ERR: 无法加载模块:Download
NOTIC: [2] include(/Application/Search/View/Common/error.html): failed to open stream: No such file or directory D:\phpStudy\WWW\xiakexing\ThinkPHP\Library\Think\Think.class.php 第 314 行.
NOTIC: [2] include(): Failed opening '/Application/Search/View/Common/error.html' for inclusion (include_path='.;C:\php\pear') D:\phpStudy\WWW\xiakexing\ThinkPHP\Library\Think\Think.class.php 第 314 行.

[ 2018-06-27T09:34:26+08:00 ] 127.0.0.1 /download/MTgxMw==
INFO: [ app_init ] --START--
INFO: Run Behavior\BuildLiteBehavior [ RunTime:0.000000s ]
INFO: [ app_init ] --END-- [ RunTime:0.000500s ]
ERR: 无法加载模块:Download
NOTIC: [2] include(/Application/Search/View/Common/error.html): failed to open stream: No such file or directory D:\phpStudy\WWW\xiakexing\ThinkPHP\Library\Think\Think.class.php 第 314 行.
NOTIC: [2] include(): Failed opening '/Application/Search/View/Common/error.html' for inclusion (include_path='.;C:\php\pear') D:\phpStudy\WWW\xiakexing\ThinkPHP\Library\Think\Think.class.php 第 314 行.

[ 2018-06-27T09:34:26+08:00 ] 127.0.0.1 /download/MTgxMw==
INFO: [ app_init ] --START--
INFO: Run Behavior\BuildLiteBehavior [ RunTime:0.000000s ]
INFO: [ app_init ] --END-- [ RunTime:0.000500s ]
ERR: 无法加载模块:Download
NOTIC: [2] include(/Application/Search/View/Common/error.html): failed to open stream: No such file or directory D:\phpStudy\WWW\xiakexing\ThinkPHP\Library\Think\Think.class.php 第 314 行.
NOTIC: [2] include(): Failed opening '/Application/Search/View/Common/error.html' for inclusion (include_path='.;C:\php\pear') D:\phpStudy\WWW\xiakexing\ThinkPHP\Library\Think\Think.class.php 第 314 行.

[ 2018-06-27T09:34:27+08:00 ] 127.0.0.1 /download/MTgxMw==
INFO: [ app_init ] --START--
INFO: Run Behavior\BuildLiteBehavior [ RunTime:0.000000s ]
INFO: [ app_init ] --END-- [ RunTime:0.000500s ]
ERR: 无法加载模块:Download
NOTIC: [2] include(/Application/Search/View/Common/error.html): failed to open stream: No such file or directory D:\phpStudy\WWW\xiakexing\ThinkPHP\Library\Think\Think.class.php 第 314 行.
NOTIC: [2] include(): Failed opening '/Application/Search/View/Common/error.html' for inclusion (include_path='.;C:\php\pear') D:\phpStudy\WWW\xiakexing\ThinkPHP\Library\Think\Think.class.php 第 314 行.

[ 2018-06-27T09:38:02+08:00 ] 127.0.0.1 /download/MTgxMw==
INFO: [ app_init ] --START--
INFO: Run Behavior\BuildLiteBehavior [ RunTime:0.000000s ]
INFO: [ app_init ] --END-- [ RunTime:0.001000s ]
ERR: 无法加载模块:Download
NOTIC: [2] include(./Application//Application/Search/View/Common/error.html): failed to open stream: No such file or directory D:\phpStudy\WWW\xiakexing\ThinkPHP\Library\Think\Think.class.php 第 314 行.
NOTIC: [2] include(): Failed opening './Application//Application/Search/View/Common/error.html' for inclusion (include_path='.;C:\php\pear') D:\phpStudy\WWW\xiakexing\ThinkPHP\Library\Think\Think.class.php 第 314 行.

[ 2018-06-27T09:38:17+08:00 ] 127.0.0.1 /download/MTgxMw==
INFO: [ app_init ] --START--
INFO: Run Behavior\BuildLiteBehavior [ RunTime:0.000000s ]
INFO: [ app_init ] --END-- [ RunTime:0.001000s ]
ERR: 无法加载模块:Download
NOTIC: [2] include(./Application//Application/Search/View/Common/error.html): failed to open stream: No such file or directory D:\phpStudy\WWW\xiakexing\ThinkPHP\Library\Think\Think.class.php 第 314 行.
NOTIC: [2] include(): Failed opening './Application//Application/Search/View/Common/error.html' for inclusion (include_path='.;C:\php\pear') D:\phpStudy\WWW\xiakexing\ThinkPHP\Library\Think\Think.class.php 第 314 行.

[ 2018-06-27T09:38:42+08:00 ] 127.0.0.1 /download/MTgxMw==
INFO: [ app_init ] --START--
INFO: Run Behavior\BuildLiteBehavior [ RunTime:0.000000s ]
INFO: [ app_init ] --END-- [ RunTime:0.001000s ]
ERR: 无法加载模块:Download

[ 2018-06-27T09:38:42+08:00 ] 127.0.0.1 /download/__PUBLIC__/css/bootstrap-theme.css
INFO: [ app_init ] --START--
INFO: Run Behavior\BuildLiteBehavior [ RunTime:0.000000s ]
INFO: [ app_init ] --END-- [ RunTime:0.001000s ]
ERR: 无法加载模块:Download

[ 2018-06-27T09:38:43+08:00 ] 127.0.0.1 /download/__PUBLIC__/css/bootstrap.css
INFO: [ app_init ] --START--
INFO: Run Behavior\BuildLiteBehavior [ RunTime:0.000000s ]
INFO: [ app_init ] --END-- [ RunTime:0.000000s ]
ERR: 无法加载模块:Download

[ 2018-06-27T09:38:43+08:00 ] 127.0.0.1 /download/__PUBLIC__/css/dee.css
INFO: [ app_init ] --START--
INFO: Run Behavior\BuildLiteBehavior [ RunTime:0.000000s ]
INFO: [ app_init ] --END-- [ RunTime:0.001000s ]
ERR: 无法加载模块:Download

[ 2018-06-27T09:38:43+08:00 ] 127.0.0.1 /download/__PUBLIC__/css/dandelion.css
INFO: [ app_init ] --START--
INFO: Run Behavior\BuildLiteBehavior [ RunTime:0.000000s ]
INFO: [ app_init ] --END-- [ RunTime:0.001000s ]
ERR: 无法加载模块:Download

[ 2018-06-27T09:38:53+08:00 ] 127.0.0.1 /download/%7B:U('/')%7D
INFO: [ app_init ] --START--
INFO: Run Behavior\BuildLiteBehavior [ RunTime:0.000000s ]
INFO: [ app_init ] --END-- [ RunTime:0.001000s ]
ERR: 无法加载模块:Download

[ 2018-06-27T09:38:54+08:00 ] 127.0.0.1 /download/%7B:U('/__PUBLIC__/css/bootstrap-theme.css
INFO: [ app_init ] --START--
INFO: Run Behavior\BuildLiteBehavior [ RunTime:0.000500s ]
INFO: [ app_init ] --END-- [ RunTime:0.001000s ]
ERR: 无法加载模块:Download

[ 2018-06-27T09:38:54+08:00 ] 127.0.0.1 /download/%7B:U('/__PUBLIC__/css/dandelion.css
INFO: [ app_init ] --START--
INFO: Run Behavior\BuildLiteBehavior [ RunTime:0.000000s ]
INFO: [ app_init ] --END-- [ RunTime:0.001000s ]
ERR: 无法加载模块:Download

[ 2018-06-27T09:38:54+08:00 ] 127.0.0.1 /download/%7B:U('/__PUBLIC__/css/bootstrap.css
INFO: [ app_init ] --START--
INFO: Run Behavior\BuildLiteBehavior [ RunTime:0.000000s ]
INFO: [ app_init ] --END-- [ RunTime:0.000500s ]
ERR: 无法加载模块:Download

[ 2018-06-27T09:38:55+08:00 ] 127.0.0.1 /download/%7B:U('/__PUBLIC__/css/dee.css
INFO: [ app_init ] --START--
INFO: Run Behavior\BuildLiteBehavior [ RunTime:0.000000s ]
INFO: [ app_init ] --END-- [ RunTime:0.001000s ]
ERR: 无法加载模块:Download

[ 2018-06-27T09:38:59+08:00 ] 127.0.0.1 /download/%7B:U('/__PUBLIC__/css/bootstrap.css
INFO: [ app_init ] --START--
INFO: Run Behavior\BuildLiteBehavior [ RunTime:0.000000s ]
INFO: [ app_init ] --END-- [ RunTime:0.000500s ]
ERR: 无法加载模块:Download

[ 2018-06-27T09:38:59+08:00 ] 127.0.0.1 /download/%7B:U('/__PUBLIC__/css/bootstrap-theme.css
INFO: [ app_init ] --START--
INFO: Run Behavior\BuildLiteBehavior [ RunTime:0.000000s ]
INFO: [ app_init ] --END-- [ RunTime:0.000500s ]
ERR: 无法加载模块:Download

[ 2018-06-27T09:38:59+08:00 ] 127.0.0.1 /download/%7B:U('/__PUBLIC__/css/dee.css
INFO: [ app_init ] --START--
INFO: Run Behavior\BuildLiteBehavior [ RunTime:0.000000s ]
INFO: [ app_init ] --END-- [ RunTime:0.000500s ]
ERR: 无法加载模块:Download

[ 2018-06-27T09:39:00+08:00 ] 127.0.0.1 /download/%7B:U('/__PUBLIC__/css/dandelion.css
INFO: [ app_init ] --START--
INFO: Run Behavior\BuildLiteBehavior [ RunTime:0.000000s ]
INFO: [ app_init ] --END-- [ RunTime:0.000500s ]
ERR: 无法加载模块:Download

[ 2018-06-27T09:39:02+08:00 ] 127.0.0.1 /download/%7B:U('/')%7D
INFO: [ app_init ] --START--
INFO: Run Behavior\BuildLiteBehavior [ RunTime:0.000000s ]
INFO: [ app_init ] --END-- [ RunTime:0.000500s ]
ERR: 无法加载模块:Download

[ 2018-06-27T09:39:02+08:00 ] 127.0.0.1 /download/%7B:U('/__PUBLIC__/css/bootstrap.css
INFO: [ app_init ] --START--
INFO: Run Behavior\BuildLiteBehavior [ RunTime:0.000000s ]
INFO: [ app_init ] --END-- [ RunTime:0.001000s ]
ERR: 无法加载模块:Download

[ 2018-06-27T09:39:02+08:00 ] 127.0.0.1 /download/%7B:U('/__PUBLIC__/css/bootstrap-theme.css
INFO: [ app_init ] --START--
INFO: Run Behavior\BuildLiteBehavior [ RunTime:0.000000s ]
INFO: [ app_init ] --END-- [ RunTime:0.001000s ]
ERR: 无法加载模块:Download

[ 2018-06-27T09:39:02+08:00 ] 127.0.0.1 /download/%7B:U('/__PUBLIC__/css/dee.css
INFO: [ app_init ] --START--
INFO: Run Behavior\BuildLiteBehavior [ RunTime:0.000000s ]
INFO: [ app_init ] --END-- [ RunTime:0.000500s ]
ERR: 无法加载模块:Download

[ 2018-06-27T09:39:03+08:00 ] 127.0.0.1 /download/%7B:U('/__PUBLIC__/css/dandelion.css
INFO: [ app_init ] --START--
INFO: Run Behavior\BuildLiteBehavior [ RunTime:0.000000s ]
INFO: [ app_init ] --END-- [ RunTime:0.001000s ]
ERR: 无法加载模块:Download

[ 2018-06-27T09:39:13+08:00 ] 127.0.0.1 /download/%7B:U('/%7B:U('/')%7D
INFO: [ app_init ] --START--
INFO: Run Behavior\BuildLiteBehavior [ RunTime:0.000000s ]
INFO: [ app_init ] --END-- [ RunTime:0.001000s ]
ERR: 无法加载模块:Download

[ 2018-06-27T09:39:13+08:00 ] 127.0.0.1 /download/%7B:U('/%7B:U('/__PUBLIC__/css/bootstrap-theme.css
INFO: [ app_init ] --START--
INFO: Run Behavior\BuildLiteBehavior [ RunTime:0.000000s ]
INFO: [ app_init ] --END-- [ RunTime:0.000500s ]
ERR: 无法加载模块:Download

[ 2018-06-27T09:39:13+08:00 ] 127.0.0.1 /download/%7B:U('/%7B:U('/__PUBLIC__/css/bootstrap.css
INFO: [ app_init ] --START--
INFO: Run Behavior\BuildLiteBehavior [ RunTime:0.000000s ]
INFO: [ app_init ] --END-- [ RunTime:0.000000s ]
ERR: 无法加载模块:Download

[ 2018-06-27T09:39:13+08:00 ] 127.0.0.1 /download/%7B:U('/%7B:U('/__PUBLIC__/css/dandelion.css
INFO: [ app_init ] --START--
INFO: Run Behavior\BuildLiteBehavior [ RunTime:0.000000s ]
INFO: [ app_init ] --END-- [ RunTime:0.001000s ]
ERR: 无法加载模块:Download

[ 2018-06-27T09:39:13+08:00 ] 127.0.0.1 /download/%7B:U('/%7B:U('/__PUBLIC__/css/dee.css
INFO: [ app_init ] --START--
INFO: Run Behavior\BuildLiteBehavior [ RunTime:0.000000s ]
INFO: [ app_init ] --END-- [ RunTime:0.000500s ]
ERR: 无法加载模块:Download

[ 2018-06-27T09:39:14+08:00 ] 127.0.0.1 /download/%7B:U('/%7B:U('/')%7D
INFO: [ app_init ] --START--
INFO: Run Behavior\BuildLiteBehavior [ RunTime:0.000000s ]
INFO: [ app_init ] --END-- [ RunTime:0.001000s ]
ERR: 无法加载模块:Download

[ 2018-06-27T09:39:14+08:00 ] 127.0.0.1 /download/%7B:U('/%7B:U('/__PUBLIC__/css/bootstrap-theme.css
INFO: [ app_init ] --START--
INFO: Run Behavior\BuildLiteBehavior [ RunTime:0.000000s ]
INFO: [ app_init ] --END-- [ RunTime:0.001000s ]
ERR: 无法加载模块:Download

[ 2018-06-27T09:39:14+08:00 ] 127.0.0.1 /download/%7B:U('/%7B:U('/__PUBLIC__/css/dandelion.css
INFO: [ app_init ] --START--
INFO: Run Behavior\BuildLiteBehavior [ RunTime:0.000000s ]
INFO: [ app_init ] --END-- [ RunTime:0.000500s ]
ERR: 无法加载模块:Download

[ 2018-06-27T09:39:14+08:00 ] 127.0.0.1 /download/%7B:U('/%7B:U('/__PUBLIC__/css/bootstrap.css
INFO: [ app_init ] --START--
INFO: Run Behavior\BuildLiteBehavior [ RunTime:0.000000s ]
INFO: [ app_init ] --END-- [ RunTime:0.000500s ]
ERR: 无法加载模块:Download

[ 2018-06-27T09:39:15+08:00 ] 127.0.0.1 /download/%7B:U('/%7B:U('/__PUBLIC__/css/dee.css
INFO: [ app_init ] --START--
INFO: Run Behavior\BuildLiteBehavior [ RunTime:0.000000s ]
INFO: [ app_init ] --END-- [ RunTime:0.001000s ]
ERR: 无法加载模块:Download

[ 2018-06-27T09:39:25+08:00 ] 127.0.0.1 /download/%7B:U('/%7B:U('/%7B:U('/')%7D
INFO: [ app_init ] --START--
INFO: Run Behavior\BuildLiteBehavior [ RunTime:0.000000s ]
INFO: [ app_init ] --END-- [ RunTime:0.001000s ]
ERR: 无法加载模块:Download

[ 2018-06-27T09:39:26+08:00 ] 127.0.0.1 /download/%7B:U('/%7B:U('/%7B:U('/__PUBLIC__/css/bootstrap-theme.css
INFO: [ app_init ] --START--
INFO: Run Behavior\BuildLiteBehavior [ RunTime:0.000000s ]
INFO: [ app_init ] --END-- [ RunTime:0.019000s ]
ERR: 无法加载模块:Download

[ 2018-06-27T09:39:26+08:00 ] 127.0.0.1 /download/%7B:U('/%7B:U('/%7B:U('/__PUBLIC__/css/dee.css
INFO: [ app_init ] --START--
INFO: Run Behavior\BuildLiteBehavior [ RunTime:0.000000s ]
INFO: [ app_init ] --END-- [ RunTime:0.001000s ]
ERR: 无法加载模块:Download

[ 2018-06-27T09:39:26+08:00 ] 127.0.0.1 /download/%7B:U('/%7B:U('/%7B:U('/__PUBLIC__/css/bootstrap.css
INFO: [ app_init ] --START--
INFO: Run Behavior\BuildLiteBehavior [ RunTime:0.000000s ]
INFO: [ app_init ] --END-- [ RunTime:0.001000s ]
ERR: 无法加载模块:Download

[ 2018-06-27T09:39:27+08:00 ] 127.0.0.1 /download/%7B:U('/%7B:U('/%7B:U('/__PUBLIC__/css/dandelion.css
INFO: [ app_init ] --START--
INFO: Run Behavior\BuildLiteBehavior [ RunTime:0.000000s ]
INFO: [ app_init ] --END-- [ RunTime:0.000000s ]
ERR: 无法加载模块:Download

[ 2018-06-27T09:39:37+08:00 ] 127.0.0.1 /download/%7B:U('/%7B:U('/%7B:U('/%7B:U('/')%7D
INFO: [ app_init ] --START--
INFO: Run Behavior\BuildLiteBehavior [ RunTime:0.000000s ]
INFO: [ app_init ] --END-- [ RunTime:0.002000s ]
ERR: 无法加载模块:Download

[ 2018-06-27T09:39:37+08:00 ] 127.0.0.1 /download/%7B:U('/%7B:U('/%7B:U('/%7B:U('/__PUBLIC__/css/bootstrap-theme.css
INFO: [ app_init ] --START--
INFO: Run Behavior\BuildLiteBehavior [ RunTime:0.000000s ]
INFO: [ app_init ] --END-- [ RunTime:0.000000s ]
ERR: 无法加载模块:Download

[ 2018-06-27T09:39:37+08:00 ] 127.0.0.1 /download/%7B:U('/%7B:U('/%7B:U('/%7B:U('/__PUBLIC__/css/bootstrap.css
INFO: [ app_init ] --START--
INFO: Run Behavior\BuildLiteBehavior [ RunTime:0.000000s ]
INFO: [ app_init ] --END-- [ RunTime:0.000000s ]
ERR: 无法加载模块:Download

[ 2018-06-27T09:39:37+08:00 ] 127.0.0.1 /download/%7B:U('/%7B:U('/%7B:U('/%7B:U('/__PUBLIC__/css/dee.css
INFO: [ app_init ] --START--
INFO: Run Behavior\BuildLiteBehavior [ RunTime:0.000000s ]
INFO: [ app_init ] --END-- [ RunTime:0.001000s ]
ERR: 无法加载模块:Download

[ 2018-06-27T09:39:38+08:00 ] 127.0.0.1 /download/%7B:U('/%7B:U('/%7B:U('/%7B:U('/__PUBLIC__/css/dandelion.css
INFO: [ app_init ] --START--
INFO: Run Behavior\BuildLiteBehavior [ RunTime:0.000000s ]
INFO: [ app_init ] --END-- [ RunTime:0.001000s ]
ERR: 无法加载模块:Download

[ 2018-06-27T09:39:48+08:00 ] 127.0.0.1 /download/%7B:U('/%7B:U('/%7B:U('/%7B:U('/%7B:U('/')%7D
INFO: [ app_init ] --START--
INFO: Run Behavior\BuildLiteBehavior [ RunTime:0.000000s ]
INFO: [ app_init ] --END-- [ RunTime:0.001000s ]
ERR: 无法加载模块:Download

[ 2018-06-27T09:39:48+08:00 ] 127.0.0.1 /download/%7B:U('/%7B:U('/%7B:U('/%7B:U('/%7B:U('/__PUBLIC__/css/bootstrap-theme.css
INFO: [ app_init ] --START--
INFO: Run Behavior\BuildLiteBehavior [ RunTime:0.000000s ]
INFO: [ app_init ] --END-- [ RunTime:0.001000s ]
ERR: 无法加载模块:Download

[ 2018-06-27T09:39:48+08:00 ] 127.0.0.1 /download/%7B:U('/%7B:U('/%7B:U('/%7B:U('/%7B:U('/__PUBLIC__/css/bootstrap.css
INFO: [ app_init ] --START--
INFO: Run Behavior\BuildLiteBehavior [ RunTime:0.000000s ]
INFO: [ app_init ] --END-- [ RunTime:0.001000s ]
ERR: 无法加载模块:Download

[ 2018-06-27T09:39:48+08:00 ] 127.0.0.1 /download/%7B:U('/%7B:U('/%7B:U('/%7B:U('/%7B:U('/__PUBLIC__/css/dee.css
INFO: [ app_init ] --START--
INFO: Run Behavior\BuildLiteBehavior [ RunTime:0.000000s ]
INFO: [ app_init ] --END-- [ RunTime:0.001000s ]
ERR: 无法加载模块:Download

[ 2018-06-27T09:39:49+08:00 ] 127.0.0.1 /download/%7B:U('/%7B:U('/%7B:U('/%7B:U('/%7B:U('/__PUBLIC__/css/dandelion.css
INFO: [ app_init ] --START--
INFO: Run Behavior\BuildLiteBehavior [ RunTime:0.000000s ]
INFO: [ app_init ] --END-- [ RunTime:0.001000s ]
ERR: 无法加载模块:Download

[ 2018-06-27T09:39:59+08:00 ] 127.0.0.1 /download/%7B:U('/%7B:U('/%7B:U('/%7B:U('/%7B:U('/%7B:U('/')%7D
INFO: [ app_init ] --START--
INFO: Run Behavior\BuildLiteBehavior [ RunTime:0.000000s ]
INFO: [ app_init ] --END-- [ RunTime:0.001000s ]
ERR: 无法加载模块:Download

[ 2018-06-27T09:39:59+08:00 ] 127.0.0.1 /download/%7B:U('/%7B:U('/%7B:U('/%7B:U('/%7B:U('/%7B:U('/__PUBLIC__/css/bootstrap-theme.css
INFO: [ app_init ] --START--
INFO: Run Behavior\BuildLiteBehavior [ RunTime:0.000000s ]
INFO: [ app_init ] --END-- [ RunTime:0.001000s ]
ERR: 无法加载模块:Download

[ 2018-06-27T09:39:59+08:00 ] 127.0.0.1 /download/%7B:U('/%7B:U('/%7B:U('/%7B:U('/%7B:U('/%7B:U('/__PUBLIC__/css/dee.css
INFO: [ app_init ] --START--
INFO: Run Behavior\BuildLiteBehavior [ RunTime:0.000000s ]
INFO: [ app_init ] --END-- [ RunTime:0.000000s ]
ERR: 无法加载模块:Download

[ 2018-06-27T09:39:59+08:00 ] 127.0.0.1 /download/%7B:U('/%7B:U('/%7B:U('/%7B:U('/%7B:U('/%7B:U('/__PUBLIC__/css/bootstrap.css
INFO: [ app_init ] --START--
INFO: Run Behavior\BuildLiteBehavior [ RunTime:0.000000s ]
INFO: [ app_init ] --END-- [ RunTime:0.000000s ]
ERR: 无法加载模块:Download

[ 2018-06-27T09:40:00+08:00 ] 127.0.0.1 /download/%7B:U('/%7B:U('/%7B:U('/%7B:U('/%7B:U('/%7B:U('/__PUBLIC__/css/dandelion.css
INFO: [ app_init ] --START--
INFO: Run Behavior\BuildLiteBehavior [ RunTime:0.000000s ]
INFO: [ app_init ] --END-- [ RunTime:0.001000s ]
ERR: 无法加载模块:Download

[ 2018-06-27T09:40:10+08:00 ] 127.0.0.1 /download/%7B:U('/%7B:U('/%7B:U('/%7B:U('/%7B:U('/%7B:U('/%7B:U('/')%7D
INFO: [ app_init ] --START--
INFO: Run Behavior\BuildLiteBehavior [ RunTime:0.000000s ]
INFO: [ app_init ] --END-- [ RunTime:0.001000s ]
ERR: 无法加载模块:Download

[ 2018-06-27T09:40:10+08:00 ] 127.0.0.1 /download/%7B:U('/%7B:U('/%7B:U('/%7B:U('/%7B:U('/%7B:U('/%7B:U('/__PUBLIC__/css/bootstrap-theme.css
INFO: [ app_init ] --START--
INFO: Run Behavior\BuildLiteBehavior [ RunTime:0.000000s ]
INFO: [ app_init ] --END-- [ RunTime:0.002000s ]
ERR: 无法加载模块:Download

[ 2018-06-27T09:40:10+08:00 ] 127.0.0.1 /download/%7B:U('/%7B:U('/%7B:U('/%7B:U('/%7B:U('/%7B:U('/%7B:U('/__PUBLIC__/css/dandelion.css
INFO: [ app_init ] --START--
INFO: Run Behavior\BuildLiteBehavior [ RunTime:0.000000s ]
INFO: [ app_init ] --END-- [ RunTime:0.001000s ]
ERR: 无法加载模块:Download

[ 2018-06-27T09:40:10+08:00 ] 127.0.0.1 /download/%7B:U('/%7B:U('/%7B:U('/%7B:U('/%7B:U('/%7B:U('/%7B:U('/__PUBLIC__/css/dee.css
INFO: [ app_init ] --START--
INFO: Run Behavior\BuildLiteBehavior [ RunTime:0.000000s ]
INFO: [ app_init ] --END-- [ RunTime:0.001000s ]
ERR: 无法加载模块:Download

[ 2018-06-27T09:40:10+08:00 ] 127.0.0.1 /download/%7B:U('/%7B:U('/%7B:U('/%7B:U('/%7B:U('/%7B:U('/%7B:U('/__PUBLIC__/css/bootstrap.css
INFO: [ app_init ] --START--
INFO: Run Behavior\BuildLiteBehavior [ RunTime:0.000000s ]
INFO: [ app_init ] --END-- [ RunTime:0.000500s ]
ERR: 无法加载模块:Download

[ 2018-06-27T09:40:14+08:00 ] 127.0.0.1 /download/
INFO: [ app_init ] --START--
INFO: Run Behavior\BuildLiteBehavior [ RunTime:0.000000s ]
INFO: [ app_init ] --END-- [ RunTime:0.001000s ]
ERR: 无法加载模块:Download

[ 2018-06-27T09:40:14+08:00 ] 127.0.0.1 /download/__PUBLIC__/css/bootstrap-theme.css
INFO: [ app_init ] --START--
INFO: Run Behavior\BuildLiteBehavior [ RunTime:0.000000s ]
INFO: [ app_init ] --END-- [ RunTime:0.001000s ]
ERR: 无法加载模块:Download

[ 2018-06-27T09:40:14+08:00 ] 127.0.0.1 /download/__PUBLIC__/css/bootstrap.css
INFO: [ app_init ] --START--
INFO: Run Behavior\BuildLiteBehavior [ RunTime:0.000000s ]
INFO: [ app_init ] --END-- [ RunTime:0.001000s ]
ERR: 无法加载模块:Download

[ 2018-06-27T09:40:14+08:00 ] 127.0.0.1 /download/__PUBLIC__/css/dee.css
INFO: [ app_init ] --START--
INFO: Run Behavior\BuildLiteBehavior [ RunTime:0.000000s ]
INFO: [ app_init ] --END-- [ RunTime:0.001000s ]
ERR: 无法加载模块:Download

[ 2018-06-27T09:40:15+08:00 ] 127.0.0.1 /download/__PUBLIC__/css/dandelion.css
INFO: [ app_init ] --START--
INFO: Run Behavior\BuildLiteBehavior [ RunTime:0.000000s ]
INFO: [ app_init ] --END-- [ RunTime:0.001000s ]
ERR: 无法加载模块:Download

[ 2018-06-27T09:40:25+08:00 ] 127.0.0.1 /download/%7B:U('/')%7D
INFO: [ app_init ] --START--
INFO: Run Behavior\BuildLiteBehavior [ RunTime:0.000000s ]
INFO: [ app_init ] --END-- [ RunTime:0.000500s ]
ERR: 无法加载模块:Download

[ 2018-06-27T09:40:25+08:00 ] 127.0.0.1 /download/%7B:U('/__PUBLIC__/css/bootstrap-theme.css
INFO: [ app_init ] --START--
INFO: Run Behavior\BuildLiteBehavior [ RunTime:0.000000s ]
INFO: [ app_init ] --END-- [ RunTime:0.000500s ]
ERR: 无法加载模块:Download

[ 2018-06-27T09:40:25+08:00 ] 127.0.0.1 /download/%7B:U('/__PUBLIC__/css/dandelion.css
INFO: [ app_init ] --START--
INFO: Run Behavior\BuildLiteBehavior [ RunTime:0.000000s ]
INFO: [ app_init ] --END-- [ RunTime:0.001000s ]
ERR: 无法加载模块:Download

[ 2018-06-27T09:40:25+08:00 ] 127.0.0.1 /download/%7B:U('/__PUBLIC__/css/dee.css
INFO: [ app_init ] --START--
INFO: Run Behavior\BuildLiteBehavior [ RunTime:0.000000s ]
INFO: [ app_init ] --END-- [ RunTime:0.000500s ]
ERR: 无法加载模块:Download

[ 2018-06-27T09:40:25+08:00 ] 127.0.0.1 /download/%7B:U('/__PUBLIC__/css/bootstrap.css
INFO: [ app_init ] --START--
INFO: Run Behavior\BuildLiteBehavior [ RunTime:0.000000s ]
INFO: [ app_init ] --END-- [ RunTime:0.001000s ]
ERR: 无法加载模块:Download

[ 2018-06-27T09:40:36+08:00 ] 127.0.0.1 /download/%7B:U('/%7B:U('/')%7D
INFO: [ app_init ] --START--
INFO: Run Behavior\BuildLiteBehavior [ RunTime:0.000000s ]
INFO: [ app_init ] --END-- [ RunTime:0.000000s ]
ERR: 无法加载模块:Download

[ 2018-06-27T09:40:36+08:00 ] 127.0.0.1 /download/%7B:U('/%7B:U('/__PUBLIC__/css/bootstrap-theme.css
INFO: [ app_init ] --START--
INFO: Run Behavior\BuildLiteBehavior [ RunTime:0.000000s ]
INFO: [ app_init ] --END-- [ RunTime:0.001000s ]
ERR: 无法加载模块:Download

[ 2018-06-27T09:40:36+08:00 ] 127.0.0.1 /download/%7B:U('/%7B:U('/__PUBLIC__/css/dee.css
INFO: [ app_init ] --START--
INFO: Run Behavior\BuildLiteBehavior [ RunTime:0.000000s ]
INFO: [ app_init ] --END-- [ RunTime:0.001000s ]
ERR: 无法加载模块:Download

[ 2018-06-27T09:40:36+08:00 ] 127.0.0.1 /download/%7B:U('/%7B:U('/__PUBLIC__/css/bootstrap.css
INFO: [ app_init ] --START--
INFO: Run Behavior\BuildLiteBehavior [ RunTime:0.000000s ]
INFO: [ app_init ] --END-- [ RunTime:0.001000s ]
ERR: 无法加载模块:Download

[ 2018-06-27T09:40:37+08:00 ] 127.0.0.1 /download/%7B:U('/%7B:U('/__PUBLIC__/css/dandelion.css
INFO: [ app_init ] --START--
INFO: Run Behavior\BuildLiteBehavior [ RunTime:0.000000s ]
INFO: [ app_init ] --END-- [ RunTime:0.001000s ]
ERR: 无法加载模块:Download

[ 2018-06-27T09:40:47+08:00 ] 127.0.0.1 /download/%7B:U('/%7B:U('/%7B:U('/')%7D
INFO: [ app_init ] --START--
INFO: Run Behavior\BuildLiteBehavior [ RunTime:0.000000s ]
INFO: [ app_init ] --END-- [ RunTime:0.001000s ]
ERR: 无法加载模块:Download

[ 2018-06-27T09:40:47+08:00 ] 127.0.0.1 /download/%7B:U('/%7B:U('/%7B:U('/__PUBLIC__/css/bootstrap-theme.css
INFO: [ app_init ] --START--
INFO: Run Behavior\BuildLiteBehavior [ RunTime:0.000000s ]
INFO: [ app_init ] --END-- [ RunTime:0.000500s ]
ERR: 无法加载模块:Download

[ 2018-06-27T09:40:47+08:00 ] 127.0.0.1 /download/%7B:U('/%7B:U('/%7B:U('/__PUBLIC__/css/bootstrap.css
INFO: [ app_init ] --START--
INFO: Run Behavior\BuildLiteBehavior [ RunTime:0.000000s ]
INFO: [ app_init ] --END-- [ RunTime:0.000500s ]
ERR: 无法加载模块:Download

[ 2018-06-27T09:40:47+08:00 ] 127.0.0.1 /download/%7B:U('/%7B:U('/%7B:U('/__PUBLIC__/css/dee.css
INFO: [ app_init ] --START--
INFO: Run Behavior\BuildLiteBehavior [ RunTime:0.000000s ]
INFO: [ app_init ] --END-- [ RunTime:0.000000s ]
ERR: 无法加载模块:Download

[ 2018-06-27T09:40:47+08:00 ] 127.0.0.1 /download/%7B:U('/%7B:U('/%7B:U('/__PUBLIC__/css/dandelion.css
INFO: [ app_init ] --START--
INFO: Run Behavior\BuildLiteBehavior [ RunTime:0.000000s ]
INFO: [ app_init ] --END-- [ RunTime:0.002000s ]
ERR: 无法加载模块:Download

[ 2018-06-27T09:40:57+08:00 ] 127.0.0.1 /download/%7B:U('/%7B:U('/%7B:U('/%7B:U('/')%7D
INFO: [ app_init ] --START--
INFO: Run Behavior\BuildLiteBehavior [ RunTime:0.000000s ]
INFO: [ app_init ] --END-- [ RunTime:0.001000s ]
ERR: 无法加载模块:Download

[ 2018-06-27T09:40:57+08:00 ] 127.0.0.1 /download/%7B:U('/%7B:U('/%7B:U('/%7B:U('/__PUBLIC__/css/bootstrap-theme.css
INFO: [ app_init ] --START--
INFO: Run Behavior\BuildLiteBehavior [ RunTime:0.000000s ]
INFO: [ app_init ] --END-- [ RunTime:0.001000s ]
ERR: 无法加载模块:Download

[ 2018-06-27T09:40:57+08:00 ] 127.0.0.1 /download/%7B:U('/%7B:U('/%7B:U('/%7B:U('/__PUBLIC__/css/dandelion.css
INFO: [ app_init ] --START--
INFO: Run Behavior\BuildLiteBehavior [ RunTime:0.000000s ]
INFO: [ app_init ] --END-- [ RunTime:0.001000s ]
ERR: 无法加载模块:Download

[ 2018-06-27T09:40:57+08:00 ] 127.0.0.1 /download/%7B:U('/%7B:U('/%7B:U('/%7B:U('/__PUBLIC__/css/bootstrap.css
INFO: [ app_init ] --START--
INFO: Run Behavior\BuildLiteBehavior [ RunTime:0.000000s ]
INFO: [ app_init ] --END-- [ RunTime:0.001000s ]
ERR: 无法加载模块:Download

[ 2018-06-27T09:40:58+08:00 ] 127.0.0.1 /download/%7B:U('/%7B:U('/%7B:U('/%7B:U('/__PUBLIC__/css/dee.css
INFO: [ app_init ] --START--
INFO: Run Behavior\BuildLiteBehavior [ RunTime:0.000000s ]
INFO: [ app_init ] --END-- [ RunTime:0.000000s ]
ERR: 无法加载模块:Download

[ 2018-06-27T09:41:04+08:00 ] 127.0.0.1 /download/%7B:U('/%7B:U('/%7B:U('/%7B:U('/')%7D
INFO: [ app_init ] --START--
INFO: Run Behavior\BuildLiteBehavior [ RunTime:0.000000s ]
INFO: [ app_init ] --END-- [ RunTime:0.001000s ]
ERR: 无法加载模块:Download

[ 2018-06-27T09:41:06+08:00 ] 127.0.0.1 /download/%7B:U('/%7B:U('/%7B:U('/%7B:U('/')%7D
INFO: [ app_init ] --START--
INFO: Run Behavior\BuildLiteBehavior [ RunTime:0.000000s ]
INFO: [ app_init ] --END-- [ RunTime:0.000000s ]
ERR: 无法加载模块:Download

[ 2018-06-27T09:41:06+08:00 ] 127.0.0.1 /download/%7B:U('/%7B:U('/%7B:U('/%7B:U('/')%7D
INFO: [ app_init ] --START--
INFO: Run Behavior\BuildLiteBehavior [ RunTime:0.000000s ]
INFO: [ app_init ] --END-- [ RunTime:0.001000s ]
ERR: 无法加载模块:Download

[ 2018-06-27T09:41:06+08:00 ] 127.0.0.1 /download/%7B:U('/%7B:U('/%7B:U('/%7B:U('/')%7D
INFO: [ app_init ] --START--
INFO: Run Behavior\BuildLiteBehavior [ RunTime:0.000000s ]
INFO: [ app_init ] --END-- [ RunTime:0.000000s ]
ERR: 无法加载模块:Download

[ 2018-06-27T09:41:07+08:00 ] 127.0.0.1 /download/%7B:U('/%7B:U('/%7B:U('/%7B:U('/')%7D
INFO: [ app_init ] --START--
INFO: Run Behavior\BuildLiteBehavior [ RunTime:0.000000s ]
INFO: [ app_init ] --END-- [ RunTime:0.001000s ]
ERR: 无法加载模块:Download

[ 2018-06-27T09:41:07+08:00 ] 127.0.0.1 /download/%7B:U('/%7B:U('/%7B:U('/%7B:U('/')%7D
INFO: [ app_init ] --START--
INFO: Run Behavior\BuildLiteBehavior [ RunTime:0.000000s ]
INFO: [ app_init ] --END-- [ RunTime:0.001000s ]
ERR: 无法加载模块:Download

[ 2018-06-27T09:41:07+08:00 ] 127.0.0.1 /download/%7B:U('/%7B:U('/%7B:U('/%7B:U('/')%7D
INFO: [ app_init ] --START--
INFO: Run Behavior\BuildLiteBehavior [ RunTime:0.000000s ]
INFO: [ app_init ] --END-- [ RunTime:0.001000s ]
ERR: 无法加载模块:Download

[ 2018-06-27T09:41:15+08:00 ] 127.0.0.1 /download/%7B:U('/%7B:U('/%7B:U('/%7B:U('/')%7D
ERR: 无法加载模块:Download

[ 2018-06-27T09:41:16+08:00 ] 127.0.0.1 /download/%7B:U('/%7B:U('/%7B:U('/%7B:U('/')%7D
ERR: 无法加载模块:Download

[ 2018-06-27T09:41:17+08:00 ] 127.0.0.1 /download/%7B:U('/%7B:U('/%7B:U('/%7B:U('/')%7D
ERR: 无法加载模块:Download

[ 2018-06-27T09:41:17+08:00 ] 127.0.0.1 /download/%7B:U('/%7B:U('/%7B:U('/%7B:U('/')%7D
ERR: 无法加载模块:Download

[ 2018-06-27T09:41:31+08:00 ] 127.0.0.1 /download/%7B:U('/%7B:U('/%7B:U('/%7B:U('/')%7D
ERR: 无法加载模块:Download

[ 2018-06-27T09:41:31+08:00 ] 127.0.0.1 /download/%7B:U('/%7B:U('/%7B:U('/%7B:U('/__PUBLIC__/css/dee.css
ERR: 无法加载模块:Download

[ 2018-06-27T09:41:31+08:00 ] 127.0.0.1 /download/%7B:U('/%7B:U('/%7B:U('/%7B:U('/__PUBLIC__/css/bootstrap.css
ERR: 无法加载模块:Download

[ 2018-06-27T09:41:31+08:00 ] 127.0.0.1 /download/%7B:U('/%7B:U('/%7B:U('/%7B:U('/__PUBLIC__/css/bootstrap-theme.css
ERR: 无法加载模块:Download

[ 2018-06-27T09:41:31+08:00 ] 127.0.0.1 /download/%7B:U('/%7B:U('/%7B:U('/%7B:U('/__PUBLIC__/css/dandelion.css
ERR: 无法加载模块:Download

[ 2018-06-27T09:41:42+08:00 ] 127.0.0.1 /download/%7B:U('/%7B:U('/%7B:U('/%7B:U('/%7B:U('/')%7D
ERR: 无法加载模块:Download

[ 2018-06-27T09:41:42+08:00 ] 127.0.0.1 /download/%7B:U('/%7B:U('/%7B:U('/%7B:U('/%7B:U('/__PUBLIC__/css/bootstrap-theme.css
ERR: 无法加载模块:Download

[ 2018-06-27T09:41:42+08:00 ] 127.0.0.1 /download/%7B:U('/%7B:U('/%7B:U('/%7B:U('/%7B:U('/__PUBLIC__/css/dandelion.css
ERR: 无法加载模块:Download

[ 2018-06-27T09:41:42+08:00 ] 127.0.0.1 /download/%7B:U('/%7B:U('/%7B:U('/%7B:U('/%7B:U('/__PUBLIC__/css/bootstrap.css
ERR: 无法加载模块:Download

[ 2018-06-27T09:41:42+08:00 ] 127.0.0.1 /download/%7B:U('/%7B:U('/%7B:U('/%7B:U('/%7B:U('/__PUBLIC__/css/dee.css
ERR: 无法加载模块:Download

[ 2018-06-27T09:41:45+08:00 ] 127.0.0.1 /download/%7B:U('/%7B:U('/%7B:U('/%7B:U('/%7B:U('/')%7D
ERR: 无法加载模块:Download

[ 2018-06-27T09:41:46+08:00 ] 127.0.0.1 /download/%7B:U('/%7B:U('/%7B:U('/%7B:U('/%7B:U('/')%7D
ERR: 无法加载模块:Download

[ 2018-06-27T09:41:46+08:00 ] 127.0.0.1 /download/%7B:U('/%7B:U('/%7B:U('/%7B:U('/%7B:U('/')%7D
ERR: 无法加载模块:Download

[ 2018-06-27T09:41:46+08:00 ] 127.0.0.1 /download/%7B:U('/%7B:U('/%7B:U('/%7B:U('/%7B:U('/')%7D
ERR: 无法加载模块:Download

[ 2018-06-27T09:41:47+08:00 ] 127.0.0.1 /download/%7B:U('/%7B:U('/%7B:U('/%7B:U('/%7B:U('/')%7D
ERR: 无法加载模块:Download

[ 2018-06-27T09:42:26+08:00 ] 127.0.0.1 /download/%7B:U('/%7B:U('/%7B:U('/%7B:U('/%7B:U('/')%7D
ERR: 无法加载模块:Download

[ 2018-06-27T09:42:27+08:00 ] 127.0.0.1 /download/%7B:U('/%7B:U('/%7B:U('/%7B:U('/%7B:U('/')%7D
ERR: 无法加载模块:Download

[ 2018-06-27T09:42:28+08:00 ] 127.0.0.1 /download/%7B:U('/%7B:U('/%7B:U('/%7B:U('/%7B:U('/')%7D
ERR: 无法加载模块:Download

[ 2018-06-27T09:42:30+08:00 ] 127.0.0.1 /download/%7B:U('/%7B:U('/%7B:U('/%7B:U('/%7B:U('/')%7D
ERR: 无法加载模块:Download

[ 2018-06-27T09:42:38+08:00 ] 127.0.0.1 /download/%7B:U('/%7B:U('/%7B:U('/%7B:U('/%7B:U('/')%7D
ERR: 无法加载模块:Download

[ 2018-06-27T09:42:56+08:00 ] 127.0.0.1 /download/%7B:U('/%7B:U('/%7B:U('/%7B:U('/%7B:U('/')%7D
ERR: 无法加载模块:Download

[ 2018-06-27T09:43:12+08:00 ] 127.0.0.1 /download/%7B:U('/%7B:U('/%7B:U('/%7B:U('/%7B:U('/')%7D
INFO: [ app_init ] --START--
INFO: Run Behavior\BuildLiteBehavior [ RunTime:0.000000s ]
INFO: [ app_init ] --END-- [ RunTime:0.000000s ]
ERR: 无法加载模块:Download
NOTIC: [2] include(./Application//sSearch/View/Common/error.html): failed to open stream: No such file or directory D:\phpStudy\WWW\xiakexing\ThinkPHP\Library\Think\Think.class.php 第 314 行.
NOTIC: [2] include(): Failed opening './Application//sSearch/View/Common/error.html' for inclusion (include_path='.;C:\php\pear') D:\phpStudy\WWW\xiakexing\ThinkPHP\Library\Think\Think.class.php 第 314 行.

[ 2018-06-27T09:43:34+08:00 ] 127.0.0.1 /download/%7B:U('/%7B:U('/%7B:U('/%7B:U('/%7B:U('/')%7D
INFO: [ app_init ] --START--
INFO: Run Behavior\BuildLiteBehavior [ RunTime:0.000000s ]
INFO: [ app_init ] --END-- [ RunTime:0.000500s ]
ERR: 无法加载模块:Download
NOTIC: [2] include(): https:// wrapper is disabled in the server configuration by allow_url_include=0 D:\phpStudy\WWW\xiakexing\ThinkPHP\Library\Think\Think.class.php 第 314 行.
NOTIC: [2] include(https://www.baidu.com): failed to open stream: no suitable wrapper could be found D:\phpStudy\WWW\xiakexing\ThinkPHP\Library\Think\Think.class.php 第 314 行.
NOTIC: [2] include(): Failed opening 'https://www.baidu.com' for inclusion (include_path='.;C:\php\pear') D:\phpStudy\WWW\xiakexing\ThinkPHP\Library\Think\Think.class.php 第 314 行.

[ 2018-06-27T09:43:49+08:00 ] 127.0.0.1 /download/%7B:U('/%7B:U('/%7B:U('/%7B:U('/%7B:U('/')%7D
INFO: [ app_init ] --START--
INFO: Run Behavior\BuildLiteBehavior [ RunTime:0.000000s ]
INFO: [ app_init ] --END-- [ RunTime:0.001000s ]
ERR: 无法加载模块:Download
NOTIC: [2] include(): https:// wrapper is disabled in the server configuration by allow_url_include=0 D:\phpStudy\WWW\xiakexing\ThinkPHP\Library\Think\Think.class.php 第 314 行.
NOTIC: [2] include(https://www.baidu.com/): failed to open stream: no suitable wrapper could be found D:\phpStudy\WWW\xiakexing\ThinkPHP\Library\Think\Think.class.php 第 314 行.
NOTIC: [2] include(): Failed opening 'https://www.baidu.com/' for inclusion (include_path='.;C:\php\pear') D:\phpStudy\WWW\xiakexing\ThinkPHP\Library\Think\Think.class.php 第 314 行.

[ 2018-06-27T09:48:13+08:00 ] 127.0.0.1 /download/%7B:U('/%7B:U('/%7B:U('/%7B:U('/%7B:U('/')%7D
INFO: [ app_init ] --START--
INFO: Run Behavior\BuildLiteBehavior [ RunTime:0.000000s ]
INFO: [ app_init ] --END-- [ RunTime:0.000500s ]
ERR: 无法加载模块:Download

[ 2018-06-27T09:48:14+08:00 ] 127.0.0.1 /download/%7B:U('/%7B:U('/%7B:U('/%7B:U('/%7B:U('/')%7D
INFO: [ app_init ] --START--
INFO: Run Behavior\BuildLiteBehavior [ RunTime:0.000000s ]
INFO: [ app_init ] --END-- [ RunTime:0.001000s ]
ERR: 无法加载模块:Download

[ 2018-06-27T09:48:16+08:00 ] 127.0.0.1 /download/%7B:U('/%7B:U('/%7B:U('/%7B:U('/%7B:U('/')%7D
INFO: [ app_init ] --START--
INFO: Run Behavior\BuildLiteBehavior [ RunTime:0.000500s ]
INFO: [ app_init ] --END-- [ RunTime:0.001000s ]
ERR: 无法加载模块:Download

[ 2018-06-27T09:48:27+08:00 ] 127.0.0.1 /download/%7B:U('/%7B:U('/%7B:U('/%7B:U('/%7B:U('/')%7D
INFO: [ app_init ] --START--
INFO: Run Behavior\BuildLiteBehavior [ RunTime:0.000000s ]
INFO: [ app_init ] --END-- [ RunTime:0.001000s ]
ERR: 无法加载模块:Download

[ 2018-06-27T09:48:42+08:00 ] 127.0.0.1 /download/%7B:U('/%7B:U('/%7B:U('/%7B:U('/%7B:U('/')%7D
ERR: 无法加载模块:Download

[ 2018-06-27T09:48:42+08:00 ] 127.0.0.1 /download/%7B:U('/%7B:U('/%7B:U('/%7B:U('/%7B:U('/')%7D
ERR: 无法加载模块:Download

[ 2018-06-27T09:48:43+08:00 ] 127.0.0.1 /download/%7B:U('/%7B:U('/%7B:U('/%7B:U('/%7B:U('/')%7D
ERR: 无法加载模块:Download

[ 2018-06-27T09:48:53+08:00 ] 127.0.0.1 /download/%7B:U('/%7B:U('/%7B:U('/%7B:U('/%7B:U('/')%7D
ERR: 无法加载模块:Download

[ 2018-06-27T09:48:54+08:00 ] 127.0.0.1 /download/%7B:U('/%7B:U('/%7B:U('/%7B:U('/%7B:U('/')%7D
ERR: 无法加载模块:Download

[ 2018-06-27T09:48:55+08:00 ] 127.0.0.1 /download/%7B:U('/%7B:U('/%7B:U('/%7B:U('/%7B:U('/')%7D
ERR: 无法加载模块:Download

[ 2018-06-27T09:50:15+08:00 ] 127.0.0.1 /download/%7B:U('/%7B:U('/%7B:U('/%7B:U('/%7B:U('/')%7D
ERR: 无法加载模块:Download

[ 2018-06-27T09:50:19+08:00 ] 127.0.0.1 /download/%7B:U('/%7B:U('/%7B:U('/%7B:U('/')%7D
ERR: 无法加载模块:Download

[ 2018-06-27T09:50:21+08:00 ] 127.0.0.1 /download/%7B:U('/%7B:U('/%7B:U('/')%7D
ERR: 无法加载模块:Download

[ 2018-06-27T09:50:21+08:00 ] 127.0.0.1 /download/%7B:U('/%7B:U('/')%7D
ERR: 无法加载模块:Download

[ 2018-06-27T09:50:22+08:00 ] 127.0.0.1 /download/%7B:U('/')%7D
ERR: 无法加载模块:Download

[ 2018-06-27T09:50:23+08:00 ] 127.0.0.1 /download/
ERR: 无法加载模块:Download

[ 2018-06-27T09:50:46+08:00 ] 127.0.0.1 /download/%7B:U('/%7B:U('/%7B:U('/%7B:U('/%7B:U('/%7B:U('/%7B:U('/')%7D
ERR: 无法加载模块:Download

[ 2018-06-27T09:52:22+08:00 ] 127.0.0.1 /download/%7B:U('/%7B:U('/%7B:U('/%7B:U('/%7B:U('/%7B:U('/')%7D
INFO: [ app_init ] --START--
INFO: Run Behavior\BuildLiteBehavior [ RunTime:0.000000s ]
INFO: [ app_init ] --END-- [ RunTime:0.001000s ]
ERR: 无法加载模块:Download

[ 2018-06-27T14:46:48+08:00 ] 127.0.0.1 /favicon.ico
INFO: [ app_init ] --START--
INFO: Run Behavior\BuildLiteBehavior [ RunTime:0.000000s ]
INFO: [ app_init ] --END-- [ RunTime:0.001000s ]
ERR: 无法加载模块:Favicon

[ 2018-06-27T14:47:07+08:00 ] 127.0.0.1 /favicon.ico
INFO: [ app_init ] --START--
INFO: Run Behavior\BuildLiteBehavior [ RunTime:0.000000s ]
INFO: [ app_init ] --END-- [ RunTime:0.001000s ]
ERR: 无法加载模块:Favicon

[ 2018-06-27T14:50:19+08:00 ] 127.0.0.1 /favicon.ico
INFO: [ app_init ] --START--
INFO: Run Behavior\BuildLiteBehavior [ RunTime:0.000000s ]
INFO: [ app_init ] --END-- [ RunTime:0.001000s ]
ERR: 无法加载模块:Favicon

[ 2018-06-27T14:57:33+08:00 ] 127.0.0.1 /favicon.ico
INFO: [ app_init ] --START--
INFO: Run Behavior\BuildLiteBehavior [ RunTime:0.000000s ]
INFO: [ app_init ] --END-- [ RunTime:0.001000s ]
ERR: 无法加载模块:Favicon

[ 2018-06-27T15:03:39+08:00 ] 127.0.0.1 /favicon.ico
INFO: [ app_init ] --START--
INFO: Run Behavior\BuildLiteBehavior [ RunTime:0.000000s ]
INFO: [ app_init ] --END-- [ RunTime:0.000000s ]
ERR: 无法加载模块:Favicon

[ 2018-06-27T15:10:33+08:00 ] 127.0.0.1 /favicon.ico
INFO: [ app_init ] --START--
INFO: Run Behavior\BuildLiteBehavior [ RunTime:0.000000s ]
INFO: [ app_init ] --END-- [ RunTime:0.001000s ]
ERR: 无法加载模块:Favicon

[ 2018-06-27T15:13:21+08:00 ] 127.0.0.1 /favicon.ico
INFO: [ app_init ] --START--
INFO: Run Behavior\BuildLiteBehavior [ RunTime:0.000000s ]
INFO: [ app_init ] --END-- [ RunTime:0.000500s ]
ERR: 无法加载模块:Favicon

[ 2018-06-27T15:13:48+08:00 ] 127.0.0.1 /favicon.ico
INFO: [ app_init ] --START--
INFO: Run Behavior\BuildLiteBehavior [ RunTime:0.000000s ]
INFO: [ app_init ] --END-- [ RunTime:0.000500s ]
ERR: 无法加载模块:Favicon

[ 2018-06-27T15:14:08+08:00 ] 127.0.0.1 /favicon.ico
INFO: [ app_init ] --START--
INFO: Run Behavior\BuildLiteBehavior [ RunTime:0.000000s ]
INFO: [ app_init ] --END-- [ RunTime:0.001000s ]
ERR: 无法加载模块:Favicon

[ 2018-06-27T15:16:12+08:00 ] 127.0.0.1 /favicon.ico
INFO: [ app_init ] --START--
INFO: Run Behavior\BuildLiteBehavior [ RunTime:0.001000s ]
INFO: [ app_init ] --END-- [ RunTime:0.001000s ]
ERR: 无法加载模块:Favicon

[ 2018-06-27T15:22:02+08:00 ] 127.0.0.1 /favicon.ico
INFO: [ app_init ] --START--
INFO: Run Behavior\BuildLiteBehavior [ RunTime:0.000000s ]
INFO: [ app_init ] --END-- [ RunTime:0.000000s ]
ERR: 无法加载模块:Favicon

[ 2018-06-27T15:26:55+08:00 ] 127.0.0.1 /favicon.ico
INFO: [ app_init ] --START--
INFO: Run Behavior\BuildLiteBehavior [ RunTime:0.000000s ]
INFO: [ app_init ] --END-- [ RunTime:0.001000s ]
ERR: 无法加载模块:Favicon

[ 2018-06-27T15:33:39+08:00 ] 127.0.0.1 /favicon.ico
INFO: [ app_init ] --START--
INFO: Run Behavior\BuildLiteBehavior [ RunTime:0.000000s ]
INFO: [ app_init ] --END-- [ RunTime:0.000500s ]
ERR: 无法加载模块:Favicon

[ 2018-06-27T15:36:38+08:00 ] 127.0.0.1 /favicon.ico
INFO: [ app_init ] --START--
INFO: Run Behavior\BuildLiteBehavior [ RunTime:0.000000s ]
INFO: [ app_init ] --END-- [ RunTime:0.001000s ]
ERR: 无法加载模块:Favicon

[ 2018-06-27T15:42:26+08:00 ] 127.0.0.1 /favicon.ico
INFO: [ app_init ] --START--
INFO: Run Behavior\BuildLiteBehavior [ RunTime:0.000000s ]
INFO: [ app_init ] --END-- [ RunTime:0.001000s ]
ERR: 无法加载模块:Favicon

