[ 2018-07-03T14:59:35+08:00 ] 127.0.0.1 /Api/Relsearch/getRel
INFO: [ app_init ] --START--
INFO: Run Behavior\BuildLiteBehavior [ RunTime:0.000000s ]
INFO: [ app_init ] --END-- [ RunTime:0.001000s ]
INFO: [ app_begin ] --START--
INFO: Run Behavior\ReadHtmlCacheBehavior [ RunTime:0.001000s ]
INFO: [ app_begin ] --END-- [ RunTime:0.001000s ]
NOTIC: [2] require_once(/usr/local/xunsearch/sdk/php/lib/XS.php): failed to open stream: No such file or directory D:\phpStudy\WWW\xiakexing\Application\Api\Controller\SearchController.class.php 第 19 行.

[ 2018-07-03T14:59:36+08:00 ] 127.0.0.1 /Api/Relsearch/getRel
INFO: [ app_init ] --START--
INFO: Run Behavior\BuildLiteBehavior [ RunTime:0.000000s ]
INFO: [ app_init ] --END-- [ RunTime:0.001000s ]
INFO: [ app_begin ] --START--
INFO: Run Behavior\ReadHtmlCacheBehavior [ RunTime:0.001000s ]
INFO: [ app_begin ] --END-- [ RunTime:0.001000s ]
NOTIC: [2] require_once(/usr/local/xunsearch/sdk/php/lib/XS.php): failed to open stream: No such file or directory D:\phpStudy\WWW\xiakexing\Application\Api\Controller\SearchController.class.php 第 19 行.

[ 2018-07-03T14:59:38+08:00 ] 127.0.0.1 /Api/Relsearch/getRel
INFO: [ app_init ] --START--
INFO: Run Behavior\BuildLiteBehavior [ RunTime:0.000000s ]
INFO: [ app_init ] --END-- [ RunTime:0.000000s ]
INFO: [ app_begin ] --START--
INFO: Run Behavior\ReadHtmlCacheBehavior [ RunTime:0.001000s ]
INFO: [ app_begin ] --END-- [ RunTime:0.001000s ]
NOTIC: [2] require_once(/usr/local/xunsearch/sdk/php/lib/XS.php): failed to open stream: No such file or directory D:\phpStudy\WWW\xiakexing\Application\Api\Controller\SearchController.class.php 第 19 行.

[ 2018-07-03T14:59:38+08:00 ] 127.0.0.1 /Api/Relsearch/getRel
INFO: [ app_init ] --START--
INFO: Run Behavior\BuildLiteBehavior [ RunTime:0.000000s ]
INFO: [ app_init ] --END-- [ RunTime:0.001000s ]
INFO: [ app_begin ] --START--
INFO: Run Behavior\ReadHtmlCacheBehavior [ RunTime:0.001000s ]
INFO: [ app_begin ] --END-- [ RunTime:0.001000s ]
NOTIC: [2] require_once(/usr/local/xunsearch/sdk/php/lib/XS.php): failed to open stream: No such file or directory D:\phpStudy\WWW\xiakexing\Application\Api\Controller\SearchController.class.php 第 19 行.

[ 2018-07-03T14:59:50+08:00 ] 127.0.0.1 /Api/Relsearch/getRel
INFO: [ app_init ] --START--
INFO: Run Behavior\BuildLiteBehavior [ RunTime:0.000000s ]
INFO: [ app_init ] --END-- [ RunTime:0.000000s ]
INFO: [ app_begin ] --START--
INFO: Run Behavior\ReadHtmlCacheBehavior [ RunTime:0.000000s ]
INFO: [ app_begin ] --END-- [ RunTime:0.000000s ]
NOTIC: [2] require_once(/usr/local/xunsearch/sdk/php/lib/XS.php): failed to open stream: No such file or directory D:\phpStudy\WWW\xiakexing\Application\Api\Controller\SearchController.class.php 第 19 行.

[ 2018-07-03T14:59:51+08:00 ] 127.0.0.1 /Api/Relsearch/getRel
INFO: [ app_init ] --START--
INFO: Run Behavior\BuildLiteBehavior [ RunTime:0.000000s ]
INFO: [ app_init ] --END-- [ RunTime:0.001000s ]
INFO: [ app_begin ] --START--
INFO: Run Behavior\ReadHtmlCacheBehavior [ RunTime:0.000000s ]
INFO: [ app_begin ] --END-- [ RunTime:0.000000s ]
NOTIC: [2] require_once(/usr/local/xunsearch/sdk/php/lib/XS.php): failed to open stream: No such file or directory D:\phpStudy\WWW\xiakexing\Application\Api\Controller\SearchController.class.php 第 19 行.

[ 2018-07-03T14:59:51+08:00 ] 127.0.0.1 /Api/Relsearch/getRel
INFO: [ app_init ] --START--
INFO: Run Behavior\BuildLiteBehavior [ RunTime:0.000000s ]
INFO: [ app_init ] --END-- [ RunTime:0.000000s ]
INFO: [ app_begin ] --START--
INFO: Run Behavior\ReadHtmlCacheBehavior [ RunTime:0.001000s ]
INFO: [ app_begin ] --END-- [ RunTime:0.001000s ]
NOTIC: [2] require_once(/usr/local/xunsearch/sdk/php/lib/XS.php): failed to open stream: No such file or directory D:\phpStudy\WWW\xiakexing\Application\Api\Controller\SearchController.class.php 第 19 行.

[ 2018-07-03T14:59:51+08:00 ] 127.0.0.1 /Api/Relsearch/getRel
INFO: [ app_init ] --START--
INFO: Run Behavior\BuildLiteBehavior [ RunTime:0.000000s ]
INFO: [ app_init ] --END-- [ RunTime:0.001000s ]
INFO: [ app_begin ] --START--
INFO: Run Behavior\ReadHtmlCacheBehavior [ RunTime:0.000000s ]
INFO: [ app_begin ] --END-- [ RunTime:0.000000s ]
NOTIC: [2] require_once(/usr/local/xunsearch/sdk/php/lib/XS.php): failed to open stream: No such file or directory D:\phpStudy\WWW\xiakexing\Application\Api\Controller\SearchController.class.php 第 19 行.

[ 2018-07-03T14:59:51+08:00 ] 127.0.0.1 /Api/Relsearch/getRel
INFO: [ app_init ] --START--
INFO: Run Behavior\BuildLiteBehavior [ RunTime:0.000000s ]
INFO: [ app_init ] --END-- [ RunTime:0.001000s ]
INFO: [ app_begin ] --START--
INFO: Run Behavior\ReadHtmlCacheBehavior [ RunTime:0.001000s ]
INFO: [ app_begin ] --END-- [ RunTime:0.001000s ]
NOTIC: [2] require_once(/usr/local/xunsearch/sdk/php/lib/XS.php): failed to open stream: No such file or directory D:\phpStudy\WWW\xiakexing\Application\Api\Controller\SearchController.class.php 第 19 行.

[ 2018-07-03T15:01:29+08:00 ] 127.0.0.1 /Api/Relsearch/getRel
INFO: [ app_init ] --START--
INFO: Run Behavior\BuildLiteBehavior [ RunTime:0.000000s ]
INFO: [ app_init ] --END-- [ RunTime:0.000000s ]
INFO: [ app_begin ] --START--
INFO: Run Behavior\ReadHtmlCacheBehavior [ RunTime:0.000000s ]
INFO: [ app_begin ] --END-- [ RunTime:0.000000s ]
NOTIC: [2] require_once(/usr/local/xunsearch/sdk/php/lib/XS.php): failed to open stream: No such file or directory D:\phpStudy\WWW\xiakexing\Application\Api\Controller\SearchController.class.php 第 19 行.

[ 2018-07-03T15:01:30+08:00 ] 127.0.0.1 /Api/Relsearch/getRel
INFO: [ app_init ] --START--
INFO: Run Behavior\BuildLiteBehavior [ RunTime:0.000000s ]
INFO: [ app_init ] --END-- [ RunTime:0.000000s ]
INFO: [ app_begin ] --START--
INFO: Run Behavior\ReadHtmlCacheBehavior [ RunTime:0.000000s ]
INFO: [ app_begin ] --END-- [ RunTime:0.000000s ]
NOTIC: [2] require_once(/usr/local/xunsearch/sdk/php/lib/XS.php): failed to open stream: No such file or directory D:\phpStudy\WWW\xiakexing\Application\Api\Controller\SearchController.class.php 第 19 行.

[ 2018-07-03T15:01:31+08:00 ] 127.0.0.1 /Api/Relsearch/getRel
INFO: [ app_init ] --START--
INFO: Run Behavior\BuildLiteBehavior [ RunTime:0.000000s ]
INFO: [ app_init ] --END-- [ RunTime:0.000000s ]
INFO: [ app_begin ] --START--
INFO: Run Behavior\ReadHtmlCacheBehavior [ RunTime:0.000000s ]
INFO: [ app_begin ] --END-- [ RunTime:0.000000s ]
NOTIC: [2] require_once(/usr/local/xunsearch/sdk/php/lib/XS.php): failed to open stream: No such file or directory D:\phpStudy\WWW\xiakexing\Application\Api\Controller\SearchController.class.php 第 19 行.

[ 2018-07-03T15:01:31+08:00 ] 127.0.0.1 /Api/Relsearch/getRel
INFO: [ app_init ] --START--
INFO: Run Behavior\BuildLiteBehavior [ RunTime:0.000000s ]
INFO: [ app_init ] --END-- [ RunTime:0.000000s ]
INFO: [ app_begin ] --START--
INFO: Run Behavior\ReadHtmlCacheBehavior [ RunTime:0.002000s ]
INFO: [ app_begin ] --END-- [ RunTime:0.002000s ]
NOTIC: [2] require_once(/usr/local/xunsearch/sdk/php/lib/XS.php): failed to open stream: No such file or directory D:\phpStudy\WWW\xiakexing\Application\Api\Controller\SearchController.class.php 第 19 行.

[ 2018-07-03T15:01:31+08:00 ] 127.0.0.1 /Api/Relsearch/getRel
INFO: [ app_init ] --START--
INFO: Run Behavior\BuildLiteBehavior [ RunTime:0.000000s ]
INFO: [ app_init ] --END-- [ RunTime:0.001000s ]
INFO: [ app_begin ] --START--
INFO: Run Behavior\ReadHtmlCacheBehavior [ RunTime:0.001000s ]
INFO: [ app_begin ] --END-- [ RunTime:0.001000s ]
NOTIC: [2] require_once(/usr/local/xunsearch/sdk/php/lib/XS.php): failed to open stream: No such file or directory D:\phpStudy\WWW\xiakexing\Application\Api\Controller\SearchController.class.php 第 19 行.

